[1012/135243.549:ERROR:filesystem_win.cc(129)] GetFileAttributes C:\Users\honey1\AppData\Local\Microsoft\Edge\User Data\Crashpad\attachments\24e7e45f-7f29-41f2-a8ad-667e9519a80d: The system cannot find the path specified. (0x3)
[1012/135243.562:ERROR:filesystem_win.cc(129)] GetFileAttributes C:\Users\honey1\AppData\Local\Microsoft\Edge\User Data\Crashpad\attachments\a4a33218-c287-4812-a10d-fa2705373ca2: The system cannot find the path specified. (0x3)
[1012/135243.563:ERROR:directory_reader_win.cc(43)] FindFirstFile: The system cannot find the path specified. (0x3)
[1018/093642.317:ERROR:directory_reader_win.cc(43)] FindFirstFile: The system cannot find the path specified. (0x3)
[1019/113904.877:ERROR:directory_reader_win.cc(43)] FindFirstFile: The system cannot find the path specified. (0x3)
[1022/122118.470:ERROR:directory_reader_win.cc(43)] FindFirstFile: The system cannot find the path specified. (0x3)
[1022/191256.538:ERROR:directory_reader_win.cc(43)] FindFirstFile: The system cannot find the path specified. (0x3)
[1023/103642.573:ERROR:directory_reader_win.cc(43)] FindFirstFile: The system cannot find the path specified. (0x3)
[1023/160534.013:ERROR:directory_reader_win.cc(43)] FindFirstFile: The system cannot find the path specified. (0x3)
[1023/224322.450:ERROR:directory_reader_win.cc(43)] FindFirstFile: The system cannot find the path specified. (0x3)
[1028/204828.071:ERROR:directory_reader_win.cc(43)] FindFirstFile: The system cannot find the path specified. (0x3)
[1029/115156.163:ERROR:directory_reader_win.cc(43)] FindFirstFile: The system cannot find the path specified. (0x3)
[1222/184455.804:ERROR:directory_reader_win.cc(43)] FindFirstFile: The system cannot find the path specified. (0x3)
[1226/111606.179:ERROR:directory_reader_win.cc(43)] FindFirstFile: The system cannot find the path specified. (0x3)
[1226/184741.115:ERROR:directory_reader_win.cc(43)] FindFirstFile: The system cannot find the path specified. (0x3)
[1226/194229.294:ERROR:process_reader_win.cc(151)] SuspendThread: Access is denied. (0x5)
[1226/194229.294:ERROR:process_reader_win.cc(151)] SuspendThread: Access is denied. (0x5)
[1226/194229.294:ERROR:process_reader_win.cc(151)] SuspendThread: Access is denied. (0x5)
[1226/194229.294:ERROR:process_reader_win.cc(151)] SuspendThread: Access is denied. (0x5)
[1226/194229.294:ERROR:process_reader_win.cc(151)] SuspendThread: Access is denied. (0x5)
[1226/194229.294:ERROR:process_reader_win.cc(151)] SuspendThread: Access is denied. (0x5)
[1226/194229.294:ERROR:process_reader_win.cc(151)] SuspendThread: Access is denied. (0x5)
[1226/194229.294:ERROR:process_reader_win.cc(151)] SuspendThread: Access is denied. (0x5)
[1226/194229.294:ERROR:process_reader_win.cc(151)] SuspendThread: Access is denied. (0x5)
[1226/194229.294:ERROR:process_reader_win.cc(123)] NtOpenThread: {Access Denied} A process has requested access to an object, but has not been granted those access rights. (0xc0000022)
[1226/194229.295:ERROR:exception_snapshot_win.cc(99)] thread ID 10404 not found in process
[1226/194229.298:ERROR:process_reader_win.cc(151)] SuspendThread: Access is denied. (0x5)
[1226/194229.298:ERROR:process_reader_win.cc(151)] SuspendThread: Access is denied. (0x5)
[1226/194229.298:ERROR:process_reader_win.cc(151)] SuspendThread: Access is denied. (0x5)
[1226/194229.298:ERROR:process_reader_win.cc(151)] SuspendThread: Access is denied. (0x5)
[1226/194229.298:ERROR:process_reader_win.cc(151)] SuspendThread: Access is denied. (0x5)
[1226/194229.298:ERROR:process_reader_win.cc(151)] SuspendThread: Access is denied. (0x5)
[1226/194229.298:ERROR:process_reader_win.cc(151)] SuspendThread: Access is denied. (0x5)
[1226/194229.299:ERROR:process_reader_win.cc(151)] SuspendThread: Access is denied. (0x5)
[1226/194229.299:ERROR:process_reader_win.cc(151)] SuspendThread: Access is denied. (0x5)
[1226/194229.299:ERROR:process_reader_win.cc(151)] SuspendThread: Access is denied. (0x5)
[1226/194229.299:ERROR:process_reader_win.cc(123)] NtOpenThread: {Access Denied} A process has requested access to an object, but has not been granted those access rights. (0xc0000022)
[1226/194229.323:ERROR:exception_snapshot_win.cc(99)] thread ID 2832 not found in process
[1226/194229.350:ERROR:process_reader_win.cc(151)] SuspendThread: Access is denied. (0x5)
[1226/194229.350:ERROR:process_reader_win.cc(151)] SuspendThread: Access is denied. (0x5)
[1226/194229.350:ERROR:process_reader_win.cc(151)] SuspendThread: Access is denied. (0x5)
[1226/194229.350:ERROR:process_reader_win.cc(151)] SuspendThread: Access is denied. (0x5)
[1226/194229.350:ERROR:process_reader_win.cc(151)] SuspendThread: Access is denied. (0x5)
[1226/194229.350:ERROR:process_reader_win.cc(151)] SuspendThread: Access is denied. (0x5)
[1226/194229.350:ERROR:process_reader_win.cc(151)] SuspendThread: Access is denied. (0x5)
[1226/194229.351:ERROR:process_reader_win.cc(151)] SuspendThread: Access is denied. (0x5)
[1226/194229.351:ERROR:process_reader_win.cc(151)] SuspendThread: Access is denied. (0x5)
[1226/194229.351:ERROR:process_reader_win.cc(123)] NtOpenThread: {Access Denied} A process has requested access to an object, but has not been granted those access rights. (0xc0000022)
[1226/194229.351:ERROR:exception_snapshot_win.cc(99)] thread ID 7700 not found in process
[1226/194229.403:ERROR:process_reader_win.cc(151)] SuspendThread: Access is denied. (0x5)
[1226/194229.404:ERROR:process_reader_win.cc(151)] SuspendThread: Access is denied. (0x5)
[1226/194229.404:ERROR:process_reader_win.cc(151)] SuspendThread: Access is denied. (0x5)
[1226/194229.404:ERROR:process_reader_win.cc(151)] SuspendThread: Access is denied. (0x5)
[1226/194229.404:ERROR:process_reader_win.cc(151)] SuspendThread: Access is denied. (0x5)
[1226/194229.404:ERROR:process_reader_win.cc(151)] SuspendThread: Access is denied. (0x5)
[1226/194229.405:ERROR:process_reader_win.cc(151)] SuspendThread: Access is denied. (0x5)
[1226/194229.405:ERROR:process_reader_win.cc(151)] SuspendThread: Access is denied. (0x5)
[1226/194229.405:ERROR:process_reader_win.cc(151)] SuspendThread: Access is denied. (0x5)
[1226/194229.405:ERROR:process_reader_win.cc(151)] SuspendThread: Access is denied. (0x5)
[1226/194229.405:ERROR:process_reader_win.cc(123)] NtOpenThread: {Access Denied} A process has requested access to an object, but has not been granted those access rights. (0xc0000022)
[1226/194229.405:ERROR:exception_snapshot_win.cc(99)] thread ID 6828 not found in process
[1227/113512.842:ERROR:directory_reader_win.cc(43)] FindFirstFile: The system cannot find the path specified. (0x3)
